0 info it worked if it ends with ok
1 verbose cli [ '/usr/local/bin/node',
1 verbose cli   '/usr/local/bin/npm',
1 verbose cli   'install',
1 verbose cli   '--ignore-scripts',
1 verbose cli   '--save-dev',
1 verbose cli   'rxjs' ]
2 info using npm@2.14.4
3 info using node@v4.1.2
4 verbose install initial load of /Users/will/Documents/Projects/JS-Workflow2015/package.json
5 verbose installManyTop reading scoped package data from /Users/will/Documents/Projects/JS-Workflow2015/node_modules/autoprefixer/package.json
6 verbose installManyTop reading scoped package data from /Users/will/Documents/Projects/JS-Workflow2015/node_modules/browser-sync/package.json
7 verbose installManyTop reading scoped package data from /Users/will/Documents/Projects/JS-Workflow2015/node_modules/cssnext/package.json
8 verbose installManyTop reading scoped package data from /Users/will/Documents/Projects/JS-Workflow2015/node_modules/gulp/package.json
9 verbose installManyTop reading scoped package data from /Users/will/Documents/Projects/JS-Workflow2015/node_modules/gulp-babel/package.json
10 verbose installManyTop reading scoped package data from /Users/will/Documents/Projects/JS-Workflow2015/node_modules/gulp-cache/package.json
11 verbose installManyTop reading scoped package data from /Users/will/Documents/Projects/JS-Workflow2015/node_modules/gulp-concat/package.json
12 verbose installManyTop reading scoped package data from /Users/will/Documents/Projects/JS-Workflow2015/node_modules/gulp-imagemin/package.json
13 verbose installManyTop reading scoped package data from /Users/will/Documents/Projects/JS-Workflow2015/node_modules/gulp-jshint/package.json
14 verbose installManyTop reading scoped package data from /Users/will/Documents/Projects/JS-Workflow2015/node_modules/gulp-plumber/package.json
15 verbose installManyTop reading scoped package data from /Users/will/Documents/Projects/JS-Workflow2015/node_modules/gulp-postcss/package.json
16 verbose installManyTop reading scoped package data from /Users/will/Documents/Projects/JS-Workflow2015/node_modules/gulp-rename/package.json
17 verbose installManyTop reading scoped package data from /Users/will/Documents/Projects/JS-Workflow2015/node_modules/gulp-sourcemaps/package.json
18 verbose installManyTop reading scoped package data from /Users/will/Documents/Projects/JS-Workflow2015/node_modules/gulp-uglify/package.json
19 verbose installManyTop reading scoped package data from /Users/will/Documents/Projects/JS-Workflow2015/node_modules/gulp-util/package.json
20 verbose installManyTop reading scoped package data from /Users/will/Documents/Projects/JS-Workflow2015/node_modules/jshint-stylish/package.json
21 verbose installManyTop reading scoped package data from /Users/will/Documents/Projects/JS-Workflow2015/node_modules/lost/package.json
22 verbose installManyTop reading scoped package data from /Users/will/Documents/Projects/JS-Workflow2015/node_modules/precss/package.json
23 info package.json gulp-rename@1.2.2 No license field.
24 verbose readDependencies loading dependencies from /Users/will/Documents/Projects/JS-Workflow2015/package.json
25 silly cache add args [ 'rxjs', null ]
26 verbose cache add spec rxjs
27 silly cache add parsed spec Result {
27 silly cache add   raw: 'rxjs',
27 silly cache add   scope: null,
27 silly cache add   name: 'rxjs',
27 silly cache add   rawSpec: '',
27 silly cache add   spec: '*',
27 silly cache add   type: 'range' }
28 silly addNamed rxjs@*
29 verbose addNamed "*" is a valid semver range for rxjs
30 silly addNameRange { name: 'rxjs', range: '*', hasData: false }
31 silly mapToRegistry name rxjs
32 silly mapToRegistry using default registry
33 silly mapToRegistry registry https://registry.npmjs.org/
34 silly mapToRegistry uri https://registry.npmjs.org/rxjs
35 verbose addNameRange registry:https://registry.npmjs.org/rxjs not in flight; fetching
36 verbose request uri https://registry.npmjs.org/rxjs
37 verbose request no auth needed
38 info attempt registry request try #1 at 5:35:01 PM
39 verbose request id c5f8f7f92431ff0a
40 http request GET https://registry.npmjs.org/rxjs
41 http 404 https://registry.npmjs.org/rxjs
42 verbose headers { server: 'CouchDB/1.5.0 (Erlang OTP/R16B03)',
42 verbose headers   etag: '"41AP8HI3HMV4PPUVKJU2SP0I0"',
42 verbose headers   'content-type': 'application/json',
42 verbose headers   'cache-control': 'max-age=0',
42 verbose headers   'content-length': '468',
42 verbose headers   'accept-ranges': 'bytes',
42 verbose headers   date: 'Mon, 19 Oct 2015 21:35:01 GMT',
42 verbose headers   via: '1.1 varnish',
42 verbose headers   age: '0',
42 verbose headers   connection: 'keep-alive',
42 verbose headers   'x-served-by': 'cache-atl6232-ATL',
42 verbose headers   'x-cache': 'MISS',
42 verbose headers   'x-cache-hits': '0',
42 verbose headers   'x-timer': 'S1445290501.543023,VS0,VE32',
42 verbose headers   vary: 'Accept' }
43 silly get cb [ 404,
43 silly get   { server: 'CouchDB/1.5.0 (Erlang OTP/R16B03)',
43 silly get     etag: '"41AP8HI3HMV4PPUVKJU2SP0I0"',
43 silly get     'content-type': 'application/json',
43 silly get     'cache-control': 'max-age=0',
43 silly get     'content-length': '468',
43 silly get     'accept-ranges': 'bytes',
43 silly get     date: 'Mon, 19 Oct 2015 21:35:01 GMT',
43 silly get     via: '1.1 varnish',
43 silly get     age: '0',
43 silly get     connection: 'keep-alive',
43 silly get     'x-served-by': 'cache-atl6232-ATL',
43 silly get     'x-cache': 'MISS',
43 silly get     'x-cache-hits': '0',
43 silly get     'x-timer': 'S1445290501.543023,VS0,VE32',
43 silly get     vary: 'Accept' } ]
44 verbose stack Error: Registry returned 404 for GET on https://registry.npmjs.org/rxjs
44 verbose stack     at makeError (/usr/local/lib/node_modules/npm/node_modules/npm-registry-client/lib/request.js:263:12)
44 verbose stack     at CachingRegistryClient.<anonymous> (/usr/local/lib/node_modules/npm/node_modules/npm-registry-client/lib/request.js:241:14)
44 verbose stack     at Request._callback (/usr/local/lib/node_modules/npm/node_modules/npm-registry-client/lib/request.js:171:14)
44 verbose stack     at Request.self.callback (/usr/local/lib/node_modules/npm/node_modules/request/request.js:198:22)
44 verbose stack     at emitTwo (events.js:87:13)
44 verbose stack     at Request.emit (events.js:172:7)
44 verbose stack     at Request.<anonymous> (/usr/local/lib/node_modules/npm/node_modules/request/request.js:1073:14)
44 verbose stack     at emitOne (events.js:82:20)
44 verbose stack     at Request.emit (events.js:169:7)
44 verbose stack     at IncomingMessage.<anonymous> (/usr/local/lib/node_modules/npm/node_modules/request/request.js:1019:12)
45 verbose statusCode 404
46 verbose pkgid rxjs
47 verbose cwd /Users/will/Documents/Projects/JS-Workflow2015
48 error Darwin 15.0.0
49 error argv "/usr/local/bin/node" "/usr/local/bin/npm" "install" "--ignore-scripts" "--save-dev" "rxjs"
50 error node v4.1.2
51 error npm  v2.14.4
52 error code E404
53 error 404 Registry returned 404 for GET on https://registry.npmjs.org/rxjs
53 error 404
53 error 404 'rxjs' is not in the npm registry.
53 error 404 You should bug the author to publish it (or use the name yourself!)
53 error 404 It was specified as a dependency of 'js-workflow2015'
53 error 404
53 error 404 Note that you can also install from a
53 error 404 tarball, folder, http url, or git url.
54 verbose exit [ 1, true ]
